<?xml version="1.0" encoding="UTF-8"?>
<testng-results ignored="0" total="1" passed="1" failed="0" skipped="0">
  <reporter-output>
  </reporter-output>
  <suite started-at="2025-07-28T10:10:13 IST" name="Default suite" finished-at="2025-07-28T10:10:28 IST" duration-ms="15485">
    <groups>
    </groups>
    <test started-at="2025-07-28T10:10:13 IST" name="Default test" finished-at="2025-07-28T10:10:28 IST" duration-ms="15485">
      <class name="com.radio.RadButton">
        <test-method signature="TestRadioBtn()[pri:0, instance:com.radio.RadButton@618b19ad]" started-at="2025-07-28T10:10:13 IST" name="TestRadioBtn" finished-at="2025-07-28T10:10:28 IST" duration-ms="15441" status="PASS">
          <reporter-output>
          </reporter-output>
        </test-method> <!-- TestRadioBtn -->
      </class> <!-- com.radio.RadButton -->
    </test> <!-- Default test -->
  </suite> <!-- Default suite -->
</testng-results>
