<?xml version="1.0" encoding="UTF-8"?>
<testng-results ignored="0" total="1" passed="1" failed="0" skipped="0">
  <reporter-output>
  </reporter-output>
  <suite started-at="2025-07-25T16:45:30 IST" name="Default suite" finished-at="2025-07-25T16:46:01 IST" duration-ms="30174">
    <groups>
    </groups>
    <test started-at="2025-07-25T16:45:30 IST" name="Default test" finished-at="2025-07-25T16:46:01 IST" duration-ms="30174">
      <class name="Alerts.AlertPopups">
        <test-method signature="TestPopups()[pri:0, instance:Alerts.AlertPopups@618b19ad]" started-at="2025-07-25T16:45:30 IST" name="TestPopups" finished-at="2025-07-25T16:46:01 IST" duration-ms="30145" status="PASS">
          <reporter-output>
          </reporter-output>
        </test-method> <!-- TestPopups -->
      </class> <!-- Alerts.AlertPopups -->
    </test> <!-- Default test -->
  </suite> <!-- Default suite -->
</testng-results>
