<?xml version="1.0" encoding="UTF-8"?>
<testng-results ignored="0" total="1" passed="1" failed="0" skipped="0">
  <reporter-output>
  </reporter-output>
  <suite started-at="2025-07-25T17:16:08 IST" name="Default suite" finished-at="2025-07-25T17:16:21 IST" duration-ms="12659">
    <groups>
    </groups>
    <test started-at="2025-07-25T17:16:08 IST" name="Default test" finished-at="2025-07-25T17:16:21 IST" duration-ms="12659">
      <class name="test.popups">
        <test-method signature="TestPopups()[pri:0, instance:test.popups@6b2ea799]" started-at="2025-07-25T17:16:08 IST" name="TestPopups" finished-at="2025-07-25T17:16:21 IST" duration-ms="12629" status="PASS">
          <reporter-output>
          </reporter-output>
        </test-method> <!-- TestPopups -->
      </class> <!-- test.popups -->
    </test> <!-- Default test -->
  </suite> <!-- Default suite -->
</testng-results>
