<?xml version="1.0" encoding="UTF-8"?>
<testng-results ignored="0" total="1" passed="1" failed="0" skipped="0">
  <reporter-output>
  </reporter-output>
  <suite started-at="2025-07-25T15:40:28 IST" name="Default suite" finished-at="2025-07-25T15:40:34 IST" duration-ms="5996">
    <groups>
    </groups>
    <test started-at="2025-07-25T15:40:28 IST" name="Default test" finished-at="2025-07-25T15:40:34 IST" duration-ms="5996">
      <class name="LocatorsDemo.FacebookMonthList1">
        <test-method signature="FaceBookMonth()[pri:0, instance:LocatorsDemo.FacebookMonthList1@618b19ad]" started-at="2025-07-25T15:40:28 IST" name="FaceBookMonth" finished-at="2025-07-25T15:40:34 IST" duration-ms="5965" status="PASS">
          <reporter-output>
          </reporter-output>
        </test-method> <!-- FaceBookMonth -->
      </class> <!-- LocatorsDemo.FacebookMonthList1 -->
    </test> <!-- Default test -->
  </suite> <!-- Default suite -->
</testng-results>
